Removed Pin From Net: NetName=NetC1_1 Pin=C1-1
Removed Pin From Net: NetName=NetC1_2 Pin=C1-2
Removed Pin From Net: NetName=GND Pin=C6-1
Removed Pin From Net: NetName=NetC6_2 Pin=C6-2
Removed Pin From Net: NetName=-VCC Pin=C9-1
Removed Pin From Net: NetName=VCC Pin=C9-2
Removed Pin From Net: NetName=NetC5_1 Pin=R9-2
Removed Pin From Net: NetName=NetC5_2 Pin=R10-1
Removed Pin From Net: NetName=NetC5_1 Pin=U1-6
Removed Pin From Net: NetName=NetC5_2 Pin=U1-7
Change Component DesignItemId : Designator=C1 Old DesignItemId=Cap New DesignItemId=GRM31CC80E157ME11K
Change Component DesignItemId : Designator=C5 Old DesignItemId=Cap New DesignItemId=GRM31CC80E157ME11K
Change Component DesignItemId : Designator=C6 Old DesignItemId=Cap New DesignItemId=GRM31CC80E157ME11K
Change Component DesignItemId : Designator=C9 Old DesignItemId=Cap New DesignItemId=GRM31CC80E157ME11K
Change Component Footprint: Designator=C1 Old Footprint=RAD-0.3 New Footprint=CAPC3216X190
Change Component Footprint: Designator=C5 Old Footprint=RAD-0.3 New Footprint=CAPC3216X190
Change Component Footprint: Designator=C6 Old Footprint=RAD-0.3 New Footprint=CAPC3216X190
Change Component Footprint: Designator=C9 Old Footprint=RAD-0.3 New Footprint=CAPC3216X190
Change Component Comment : Designator=C9 Old Comment=Cap New Comment=1uF
Change Component Comment : Designator=C1 Old Comment=Cap New Comment=30pF
Change Component Comment : Designator=C5 Old Comment=Cap New Comment=30pF
Change Component Comment : Designator=C6 Old Comment=Cap New Comment=100pF
Change Component Description : Designator=C1 Old Description=Capacitor New Description=Керамический конденсатор
Change Component Description : Designator=C5 Old Description=Capacitor New Description=Керамический конденсатор
Change Component Description : Designator=C6 Old Description=Capacitor New Description=Керамический конденсатор
Change Component Description : Designator=C9 Old Description=Capacitor New Description=Керамический конденсатор
Change Component Library : Designator=C1 Old Library=Miscellaneous Devices.IntLib New Library=GRM31CC80E157ME11K.IntLib
Change Component Library : Designator=C5 Old Library=Miscellaneous Devices.IntLib New Library=GRM31CC80E157ME11K.IntLib
Change Component Library : Designator=C6 Old Library=Miscellaneous Devices.IntLib New Library=GRM31CC80E157ME11K.IntLib
Change Component Library : Designator=C9 Old Library=Miscellaneous Devices.IntLib New Library=GRM31CC80E157ME11K.IntLib
Change component parameters: Designator = "C1"; Footprint = "CAPC3216X190"; UniqueID = "\JOOSRAWN"
Change component parameters. Clean all parameters for all variants
Change component parameters (AddParameter): Name = "Availability"; Value = "In Stock"; VariantName = "[No Variations]"
Change component parameters (AddParameter): Name = "Check_prices"; Value = "https://www.snapeda.com/parts/GRM31CC80E157ME11K/Murata/view-part/?ref=eda"; VariantName = "[No Variations]"
Change component parameters (AddParameter): Name = "MF"; Value = "Murata"; VariantName = "[No Variations]"
Change component parameters (AddParameter): Name = "MP"; Value = "GRM31CC80E157ME11K"; VariantName = "[No Variations]"
Change component parameters (AddParameter): Name = "Package"; Value = "1206 Murata"; VariantName = "[No Variations]"
Change component parameters (AddParameter): Name = "Price"; Value = "None"; VariantName = "[No Variations]"
Change component parameters (AddParameter): Name = "Purchase-URL"; Value = "https://pricing.snapeda.com/search/part/GRM31CC80E157ME11K/?ref=eda"; VariantName = "[No Variations]"
Change component parameters (AddParameter): Name = "SnapEDA_Link"; Value = "https://www.snapeda.com/parts/GRM31CC80E157ME11K/Murata/view-part/?ref=snap"; VariantName = "[No Variations]"
Change component parameters (AddParameter): Name = "Value"; Value = ""; VariantName = "[No Variations]"
Change component parameters: Designator = "C5"; Footprint = "CAPC3216X190"; UniqueID = "\CDIYRBKK"
Change component parameters. Clean all parameters for all variants
Change component parameters (AddParameter): Name = "Availability"; Value = "In Stock"; VariantName = "[No Variations]"
Change component parameters (AddParameter): Name = "Check_prices"; Value = "https://www.snapeda.com/parts/GRM31CC80E157ME11K/Murata/view-part/?ref=eda"; VariantName = "[No Variations]"
Change component parameters (AddParameter): Name = "MF"; Value = "Murata"; VariantName = "[No Variations]"
Change component parameters (AddParameter): Name = "MP"; Value = "GRM31CC80E157ME11K"; VariantName = "[No Variations]"
Change component parameters (AddParameter): Name = "Package"; Value = "1206 Murata"; VariantName = "[No Variations]"
Change component parameters (AddParameter): Name = "Price"; Value = "None"; VariantName = "[No Variations]"
Change component parameters (AddParameter): Name = "Purchase-URL"; Value = "https://pricing.snapeda.com/search/part/GRM31CC80E157ME11K/?ref=eda"; VariantName = "[No Variations]"
Change component parameters (AddParameter): Name = "SnapEDA_Link"; Value = "https://www.snapeda.com/parts/GRM31CC80E157ME11K/Murata/view-part/?ref=snap"; VariantName = "[No Variations]"
Change component parameters (AddParameter): Name = "Value"; Value = ""; VariantName = "[No Variations]"
Change component parameters: Designator = "C6"; Footprint = "CAPC3216X190"; UniqueID = "\YGSCNXXP"
Change component parameters. Clean all parameters for all variants
Change component parameters (AddParameter): Name = "Availability"; Value = "In Stock"; VariantName = "[No Variations]"
Change component parameters (AddParameter): Name = "Check_prices"; Value = "https://www.snapeda.com/parts/GRM31CC80E157ME11K/Murata/view-part/?ref=eda"; VariantName = "[No Variations]"
Change component parameters (AddParameter): Name = "MF"; Value = "Murata"; VariantName = "[No Variations]"
Change component parameters (AddParameter): Name = "MP"; Value = "GRM31CC80E157ME11K"; VariantName = "[No Variations]"
Change component parameters (AddParameter): Name = "Package"; Value = "1206 Murata"; VariantName = "[No Variations]"
Change component parameters (AddParameter): Name = "Price"; Value = "None"; VariantName = "[No Variations]"
Change component parameters (AddParameter): Name = "Purchase-URL"; Value = "https://pricing.snapeda.com/search/part/GRM31CC80E157ME11K/?ref=eda"; VariantName = "[No Variations]"
Change component parameters (AddParameter): Name = "SnapEDA_Link"; Value = "https://www.snapeda.com/parts/GRM31CC80E157ME11K/Murata/view-part/?ref=snap"; VariantName = "[No Variations]"
Change component parameters (AddParameter): Name = "Value"; Value = ""; VariantName = "[No Variations]"
Change component parameters: Designator = "C9"; Footprint = "CAPC3216X190"; UniqueID = "\TBWLYTJJ"
Change component parameters. Clean all parameters for all variants
Change component parameters (AddParameter): Name = "Availability"; Value = "In Stock"; VariantName = "[No Variations]"
Change component parameters (AddParameter): Name = "Check_prices"; Value = "https://www.snapeda.com/parts/GRM31CC80E157ME11K/Murata/view-part/?ref=eda"; VariantName = "[No Variations]"
Change component parameters (AddParameter): Name = "MF"; Value = "Murata"; VariantName = "[No Variations]"
Change component parameters (AddParameter): Name = "MP"; Value = "GRM31CC80E157ME11K"; VariantName = "[No Variations]"
Change component parameters (AddParameter): Name = "Package"; Value = "1206 Murata"; VariantName = "[No Variations]"
Change component parameters (AddParameter): Name = "Price"; Value = "None"; VariantName = "[No Variations]"
Change component parameters (AddParameter): Name = "Purchase-URL"; Value = "https://pricing.snapeda.com/search/part/GRM31CC80E157ME11K/?ref=eda"; VariantName = "[No Variations]"
Change component parameters (AddParameter): Name = "SnapEDA_Link"; Value = "https://www.snapeda.com/parts/GRM31CC80E157ME11K/Murata/view-part/?ref=snap"; VariantName = "[No Variations]"
Change component parameters (AddParameter): Name = "Value"; Value = ""; VariantName = "[No Variations]"
Added Pin To Net: NetName=NetC1_2 Pin=C1-1
Added Pin To Net: NetName=NetC1_1 Pin=C1-2
Added Pin To Net: NetName=NetC6_2 Pin=C6-1
Added Pin To Net: NetName=GND Pin=C6-2
Added Pin To Net: NetName=VCC Pin=C9-1
Added Pin To Net: NetName=-VCC Pin=C9-2
Added Pin To Net: NetName=NetC5_2 Pin=R9-2
Added Pin To Net: NetName=NetC5_1 Pin=R10-1
Added Pin To Net: NetName=NetC5_2 Pin=U1-6
Added Pin To Net: NetName=NetC5_1 Pin=U1-7
Change Net Name : Old Net Name=NetC1_1 New Net Name=NetC1_2
Change Net Name : Old Net Name=NetC1_2 New Net Name=NetC1_1
Change Net Name : Old Net Name=NetC6_2 New Net Name=NetC6_1
