Removed Pin From Net: NetName=NetC2_1 Pin=C3-1
Change Component DesignItemId : Designator=C3 Old DesignItemId=Cap New DesignItemId=GRM31CC80E157ME11K
Change Component Footprint: Designator=C3 Old Footprint=RAD-0.3 New Footprint=CAPC3216X190
Change Component Comment : Designator=C3 Old Comment=Cap New Comment=1uF
Change Component Description : Designator=C3 Old Description=Capacitor New Description=Керамический конденсатор
Change Component Library : Designator=C3 Old Library=Miscellaneous Devices.IntLib New Library=GRM31CC80E157ME11K.IntLib
Change component parameters: Designator = "C3"; Footprint = "CAPC3216X190"; UniqueID = "\JSHXIQLV"
Change component parameters. Clean all parameters for all variants
Change component parameters (AddParameter): Name = "Availability"; Value = "In Stock"; VariantName = "[No Variations]"
Change component parameters (AddParameter): Name = "Check_prices"; Value = "https://www.snapeda.com/parts/GRM31CC80E157ME11K/Murata/view-part/?ref=eda"; VariantName = "[No Variations]"
Change component parameters (AddParameter): Name = "MF"; Value = "Murata"; VariantName = "[No Variations]"
Change component parameters (AddParameter): Name = "MP"; Value = "GRM31CC80E157ME11K"; VariantName = "[No Variations]"
Change component parameters (AddParameter): Name = "Package"; Value = "1206 Murata"; VariantName = "[No Variations]"
Change component parameters (AddParameter): Name = "Price"; Value = "None"; VariantName = "[No Variations]"
Change component parameters (AddParameter): Name = "Purchase-URL"; Value = "https://pricing.snapeda.com/search/part/GRM31CC80E157ME11K/?ref=eda"; VariantName = "[No Variations]"
Change component parameters (AddParameter): Name = "SnapEDA_Link"; Value = "https://www.snapeda.com/parts/GRM31CC80E157ME11K/Murata/view-part/?ref=snap"; VariantName = "[No Variations]"
Change component parameters (AddParameter): Name = "Value"; Value = ""; VariantName = "[No Variations]"
Added Pin To Net: NetName=NetC2_1 Pin=C3-2
Added Pin To Net: NetName=NetC3_1 Pin=C3-1
Added Pin To Net: NetName=NetC3_1 Pin=C4-1
Added Net: Name=NetC3_1
