Removed Pin From Net: NetName=NetC1_1 Pin=D1-A
Removed Pin From Net: NetName=GND Pin=D1-C
Change Component DesignItemId : Designator=D1 Old DesignItemId=1N4148 New DesignItemId=Diode 1N4934
Change Component Footprint: Designator=D1 Old Footprint=DIOAD829W49L456D191 New Footprint=DO-41
Change Component Comment : Designator=D1 Old Comment=* New Comment=Diode 1N4148
Change Component Description : Designator=D1 Old Description=Diode Standard 75V 200mA Surface Mount SOD-523F New Description=1 Amp Fast Recovery Rectifier
Change Component Library : Designator=D1 Old Library=1N4148.IntLib New Library=Miscellaneous Devices.IntLib
Change component parameters: Designator = "D1"; Footprint = "DO-41"; UniqueID = "\EPRIVPAB"
Change component parameters. Clean all parameters for all variants
Change component parameters (AddParameter): Name = "Code_JEDEC"; Value = "DO-204-AL"; VariantName = "[No Variations]"
Change component parameters (AddParameter): Name = "ComponentLink1Description"; Value = "Manufacturer Link"; VariantName = "[No Variations]"
Change component parameters (AddParameter): Name = "ComponentLink1URL"; Value = "http://www.fairchildsemi.com/"; VariantName = "[No Variations]"
Change component parameters (AddParameter): Name = "ComponentLink2Description"; Value = "Datasheet"; VariantName = "[No Variations]"
Change component parameters (AddParameter): Name = "ComponentLink2URL"; Value = "http://www.fairchildsemi.com/ds/1N%2F1N4934.pdf"; VariantName = "[No Variations]"
Change component parameters (AddParameter): Name = "DatasheetVersion"; Value = "1999"; VariantName = "[No Variations]"
Change component parameters (AddParameter): Name = "LatestRevisionDate"; Value = "17-Jul-2002"; VariantName = "[No Variations]"
Change component parameters (AddParameter): Name = "LatestRevisionNote"; Value = "Re-released for DXP Platform."; VariantName = "[No Variations]"
Change component parameters (AddParameter): Name = "PackageDescription"; Value = "Diode, Axial; Body 5.2 x 2.7 mm (LxDia. max), Lead Dia. 0.86 mm (max)"; VariantName = "[No Variations]"
Change component parameters (AddParameter): Name = "PackageReference"; Value = "DO-41"; VariantName = "[No Variations]"
Change component parameters (AddParameter): Name = "PackageVersion"; Value = "Aug-1999"; VariantName = "[No Variations]"
Change component parameters (AddParameter): Name = "Published"; Value = "8-Jun-2000"; VariantName = "[No Variations]"
Change component parameters (AddParameter): Name = "Publisher"; Value = "Altium Limited"; VariantName = "[No Variations]"
Added Pin To Net: NetName=NetC1_1 Pin=D1-1
Added Pin To Net: NetName=GND Pin=D1-2
